<?xml version="1.0" encoding="UTF-8"?>
<testng-results skipped="0" failed="0" total="1" passed="1">
  <reporter-output>
  </reporter-output>
  <suite name="Default suite" duration-ms="15836" started-at="2021-12-01T15:16:57Z" finished-at="2021-12-01T15:17:13Z">
    <groups>
    </groups>
    <test name="Default test" duration-ms="15836" started-at="2021-12-01T15:16:57Z" finished-at="2021-12-01T15:17:13Z">
      <class name="Example.FrameHandle">
        <test-method status="PASS" signature="frame_handle()[pri:0, instance:Example.FrameHandle@58651fd0]" name="frame_handle" duration-ms="15834" started-at="2021-12-01T20:46:57Z" finished-at="2021-12-01T20:47:13Z">
          <reporter-output>
          </reporter-output>
        </test-method> <!-- frame_handle -->
      </class> <!-- Example.FrameHandle -->
    </test> <!-- Default test -->
  </suite> <!-- Default suite -->
</testng-results>
