<?xml version="1.0" encoding="UTF-8"?>
<testng-results skipped="0" failed="0" total="1" passed="1">
  <reporter-output>
  </reporter-output>
  <suite name="Default suite" duration-ms="6837" started-at="2021-11-27T05:59:04Z" finished-at="2021-11-27T05:59:11Z">
    <groups>
    </groups>
    <test name="Default test" duration-ms="6837" started-at="2021-11-27T05:59:04Z" finished-at="2021-11-27T05:59:11Z">
      <class name="Example.DropDown">
        <test-method status="PASS" signature="dropDown()[pri:0, instance:Example.DropDown@58651fd0]" name="dropDown" duration-ms="6835" started-at="2021-11-27T11:29:04Z" finished-at="2021-11-27T11:29:11Z">
          <reporter-output>
          </reporter-output>
        </test-method> <!-- dropDown -->
      </class> <!-- Example.DropDown -->
    </test> <!-- Default test -->
  </suite> <!-- Default suite -->
</testng-results>
